0 info it worked if it ends with ok
1 verbose cli [ '/usr/bin/nodejs', '/usr/bin/npm', 'run', 'ts' ]
2 info using npm@3.9.5
3 info using node@v6.2.2
4 verbose run-script [ 'prets', 'ts', 'postts' ]
5 info lifecycle tv2@0.1.0~prets: tv2@0.1.0
6 silly lifecycle tv2@0.1.0~prets: no script for prets, continuing
7 info lifecycle tv2@0.1.0~ts: tv2@0.1.0
8 verbose lifecycle tv2@0.1.0~ts: unsafe-perm in lifecycle true
9 verbose lifecycle tv2@0.1.0~ts: PATH: /usr/lib/node_modules/npm/bin/node-gyp-bin:/mnt/c/Users/asqwrd/Documents/GitHub/tv2/node_modules/.bin:/usr/bin:/mnt/c/Users/asqwrd/Documents/GitHub/tv2/node_modules/.bin:/usr/local/bin:/usr/bin:/bin:/usr/local/games:/usr/games
10 verbose lifecycle tv2@0.1.0~ts: CWD: /mnt/c/Users/asqwrd/Documents/GitHub/tv2
11 silly lifecycle tv2@0.1.0~ts: Args: [ '-c', 'ngc -p tsconfig.json app && gulp vendors' ]
12 silly lifecycle tv2@0.1.0~ts: Returned: code: 1  signal: null
13 info lifecycle tv2@0.1.0~ts: Failed to exec ts script
14 verbose stack Error: tv2@0.1.0 ts: `ngc -p tsconfig.json app && gulp vendors`
14 verbose stack Exit status 1
14 verbose stack     at EventEmitter.<anonymous> (/usr/lib/node_modules/npm/lib/utils/lifecycle.js:245:16)
14 verbose stack     at emitTwo (events.js:106:13)
14 verbose stack     at EventEmitter.emit (events.js:191:7)
14 verbose stack     at ChildProcess.<anonymous> (/usr/lib/node_modules/npm/lib/utils/spawn.js:24:14)
14 verbose stack     at emitTwo (events.js:106:13)
14 verbose stack     at ChildProcess.emit (events.js:191:7)
14 verbose stack     at maybeClose (internal/child_process.js:852:16)
14 verbose stack     at Process.ChildProcess._handle.onexit (internal/child_process.js:215:5)
15 verbose pkgid tv2@0.1.0
16 verbose cwd /mnt/c/Users/asqwrd/Documents/GitHub/tv2
17 error Linux 3.4.0+
18 error argv "/usr/bin/nodejs" "/usr/bin/npm" "run" "ts"
19 error node v6.2.2
20 error npm  v3.9.5
21 error code ELIFECYCLE
22 error tv2@0.1.0 ts: `ngc -p tsconfig.json app && gulp vendors`
22 error Exit status 1
23 error Failed at the tv2@0.1.0 ts script 'ngc -p tsconfig.json app && gulp vendors'.
23 error Make sure you have the latest version of node.js and npm installed.
23 error If you do, this is most likely a problem with the tv2 package,
23 error not with npm itself.
23 error Tell the author that this fails on your system:
23 error     ngc -p tsconfig.json app && gulp vendors
23 error You can get information on how to open an issue for this project with:
23 error     npm bugs tv2
23 error Or if that isn't available, you can get their info via:
23 error     npm owner ls tv2
23 error There is likely additional logging output above.
24 verbose exit [ 1, true ]
